<?xml version="1.0" encoding="UTF-8"?>
<!-- Generated by org.testng.reporters.JUnitReportReporter -->
<testsuite skipped="0" hostname="DESKTOP-F4DEVB3" name="com.aspire.FrameWork.Parallel_compatibility.Chrome" tests="1" failures="0" timestamp="2022-12-19T13:38:15 IST" time="14.189" errors="0">
  <testcase name="ChromeLaunch" time="14.189" classname="com.aspire.FrameWork.Parallel_compatibility.Chrome"/>
  <system-out/>
</testsuite> <!-- com.aspire.FrameWork.Parallel_compatibility.Chrome -->
