<?xml version="1.0" encoding="UTF-8"?>
<!-- Generated by org.testng.reporters.JUnitReportReporter -->
<testsuite skipped="0" hostname="DESKTOP-F4DEVB3" name="com.aspire.FrameWork.TestNG_Assert.Assert_CLass" tests="2" failures="0" timestamp="2022-11-22T21:07:34 IST" time="0.045" errors="0">
  <testcase name="m2" time="0.020" classname="com.aspire.FrameWork.TestNG_Assert.Assert_CLass"/>
  <system-out>
    <![CDATA[Method 2]]>
  </system-out>
  <testcase name="m6" time="0.025" classname="com.aspire.FrameWork.TestNG_Assert.Assert_CLass"/>
  <system-out>
    <![CDATA[Method 6]]>
  </system-out>
</testsuite> <!-- com.aspire.FrameWork.TestNG_Assert.Assert_CLass -->
