<?xml version="1.0" encoding="UTF-8"?>
<!-- Generated by org.testng.reporters.JUnitReportReporter -->
<testsuite skipped="0" hostname="DESKTOP-F4DEVB3" name="com.aspire.FrameWork.TestNG.Sample" tests="2" failures="0" timestamp="2022-11-14T20:16:01 IST" time="0.019" errors="0">
  <testcase name="TestCase2" time="0.003" classname="com.aspire.FrameWork.TestNG.Sample"/>
  <system-out>
    <![CDATA[ test 2]]>
  </system-out>
  <testcase name="TestCase1" time="0.016" classname="com.aspire.FrameWork.TestNG.Sample"/>
  <system-out>
    <![CDATA[ test 1]]>
  </system-out>
</testsuite> <!-- com.aspire.FrameWork.TestNG.Sample -->
