<?xml version="1.0" encoding="UTF-8"?>
<!-- Generated by org.testng.reporters.JUnitReportReporter -->
<testsuite skipped="0" hostname="DESKTOP-F4DEVB3" name="com.aspire.FrameWork.practice.Practice1" tests="1" failures="0" timestamp="2022-11-28T18:15:45 IST" time="43.333" errors="0">
  <testcase name="m1" time="43.333" classname="com.aspire.FrameWork.practice.Practice1"/>
  <system-out/>
</testsuite> <!-- com.aspire.FrameWork.practice.Practice1 -->
