<?xml version="1.0" encoding="UTF-8"?>
<!-- Generated by org.testng.reporters.JUnitReportReporter -->
<testsuite skipped="0" hostname="DESKTOP-F4DEVB3" name="com.aspire.FrameWork.OrangeHRM.Test_OrangeHRM" tests="4" failures="0" timestamp="2022-12-02T17:19:43 IST" time="30.819" errors="0">
  <testcase name="DashboardlValidation" time="0.433" classname="com.aspire.FrameWork.OrangeHRM.Test_OrangeHRM"/>
  <system-out/>
  <testcase name="LogoValidation" time="3.184" classname="com.aspire.FrameWork.OrangeHRM.Test_OrangeHRM"/>
  <system-out/>
  <testcase name="LoginPannelValidation" time="0.221" classname="com.aspire.FrameWork.OrangeHRM.Test_OrangeHRM"/>
  <system-out/>
  <testcase name="LogInValidation" time="26.981" classname="com.aspire.FrameWork.OrangeHRM.Test_OrangeHRM"/>
  <system-out/>
</testsuite> <!-- com.aspire.FrameWork.OrangeHRM.Test_OrangeHRM -->
