<?xml version="1.0" encoding="UTF-8"?>
<!-- Generated by org.testng.reporters.JUnitReportReporter -->
<testsuite skipped="0" hostname="DESKTOP-F4DEVB3" name="com.aspire.FrameWork.TestNG.Annotations_1" tests="3" failures="0" timestamp="2022-11-16T18:38:45 IST" time="0.055" errors="0">
  <testcase name="m7" time="0.000" classname="com.aspire.FrameWork.TestNG.Annotations_1"/>
  <system-out>
    <![CDATA[m7]]>
  </system-out>
  <testcase name="m5" time="0.055" classname="com.aspire.FrameWork.TestNG.Annotations_1"/>
  <system-out>
    <![CDATA[m5]]>
  </system-out>
  <testcase name="m6" time="0.000" classname="com.aspire.FrameWork.TestNG.Annotations_1"/>
  <system-out>
    <![CDATA[m6]]>
  </system-out>
</testsuite> <!-- com.aspire.FrameWork.TestNG.Annotations_1 -->
