<?xml version="1.0" encoding="UTF-8"?>
<!-- Generated by org.testng.reporters.JUnitReportReporter -->
<testsuite skipped="0" hostname="DESKTOP-F4DEVB3" name="com.aspire.FrameWork.TestNG.Demo" tests="1" failures="0" timestamp="2022-11-14T20:07:08 IST" time="12.913" errors="0">
  <testcase name="BrowserLaunch" time="12.913" classname="com.aspire.FrameWork.TestNG.Demo"/>
  <system-out/>
</testsuite> <!-- com.aspire.FrameWork.TestNG.Demo -->
