<?xml version="1.0" encoding="UTF-8"?>
<!-- Generated by org.testng.reporters.JUnitReportReporter -->
<testsuite skipped="0" hostname="DESKTOP-F4DEVB3" name="com.aspire.FrameWork.POM_PageFactory_DDF_TestNG.TestClass" tests="1" failures="0" timestamp="2022-11-23T21:40:54 IST" time="34.530" errors="0">
  <testcase name="test" time="34.530" classname="com.aspire.FrameWork.POM_PageFactory_DDF_TestNG.TestClass"/>
  <system-out/>
</testsuite> <!-- com.aspire.FrameWork.POM_PageFactory_DDF_TestNG.TestClass -->
