<?xml version="1.0" encoding="UTF-8"?>
<!-- Generated by org.testng.reporters.JUnitReportReporter -->
<testsuite skipped="0" hostname="DESKTOP-F4DEVB3" name="com.aspire.selenium.Practice.Explicit_Wait" tests="1" failures="0" timestamp="2022-12-17T15:57:32 IST" time="20.227" errors="0">
  <testcase name="main" time="20.227" classname="com.aspire.selenium.Practice.Explicit_Wait"/>
  <system-out/>
</testsuite> <!-- com.aspire.selenium.Practice.Explicit_Wait -->
