<?xml version="1.0" encoding="UTF-8"?>
<!-- Generated by org.testng.reporters.JUnitReportReporter -->
<testsuite skipped="0" hostname="DESKTOP-F4DEVB3" name="com.aspire.FrameWork.TestNG_Assert.Hard_Assert_and_Soft_Assert" tests="2" failures="0" timestamp="2023-01-06T16:32:42 IST" time="0.037" errors="0">
  <testcase name="m2" time="0.017" classname="com.aspire.FrameWork.TestNG_Assert.Hard_Assert_and_Soft_Assert"/>
  <system-out>
    <![CDATA[Method 6
Method 7
Method 8]]>
  </system-out>
  <testcase name="m1" time="0.020" classname="com.aspire.FrameWork.TestNG_Assert.Hard_Assert_and_Soft_Assert"/>
  <system-out>
    <![CDATA[Method 1
Method 3
Method 4]]>
  </system-out>
</testsuite> <!-- com.aspire.FrameWork.TestNG_Assert.Hard_Assert_and_Soft_Assert -->
