<?xml version="1.0" encoding="UTF-8"?>
<!-- Generated by org.testng.reporters.JUnitReportReporter -->
<testsuite skipped="0" hostname="DESKTOP-F4DEVB3" name="com.aspire.FrameWork.TestNG.Demo2_for_suit" tests="1" failures="0" timestamp="2022-11-22T21:16:55 IST" time="0.000" errors="0">
  <testcase name="m3" time="0.000" classname="com.aspire.FrameWork.TestNG.Demo2_for_suit"/>
  <system-out>
    <![CDATA[m3]]>
  </system-out>
</testsuite> <!-- com.aspire.FrameWork.TestNG.Demo2_for_suit -->
