<?xml version="1.0" encoding="UTF-8"?>
<!-- Generated by org.testng.reporters.JUnitReportReporter -->
<testsuite skipped="0" hostname="DESKTOP-F4DEVB3" name="com.aspire.FrameWork.practice.WebTable" tests="1" failures="0" timestamp="2022-11-28T15:50:06 IST" time="15.775" errors="0">
  <testcase name="m1" time="15.775" classname="com.aspire.FrameWork.practice.WebTable"/>
  <system-out/>
</testsuite> <!-- com.aspire.FrameWork.practice.WebTable -->
