<?xml version="1.0" encoding="UTF-8"?>
<!-- Generated by org.testng.reporters.JUnitReportReporter -->
<testsuite skipped="0" hostname="DESKTOP-F4DEVB3" name="com.aspire.FrameWork.TestNG.Demo3_for_suit" tests="2" failures="0" timestamp="2022-11-22T21:16:55 IST" time="0.018" errors="0">
  <testcase name="m4" time="0.015" classname="com.aspire.FrameWork.TestNG.Demo3_for_suit"/>
  <system-out>
    <![CDATA[m4]]>
  </system-out>
  <testcase name="m6" time="0.003" classname="com.aspire.FrameWork.TestNG.Demo3_for_suit"/>
  <system-out>
    <![CDATA[m6]]>
  </system-out>
</testsuite> <!-- com.aspire.FrameWork.TestNG.Demo3_for_suit -->
