<?xml version="1.0" encoding="UTF-8"?>
<!-- Generated by org.testng.reporters.JUnitReportReporter -->
<testsuite skipped="0" hostname="DESKTOP-F4DEVB3" name="com.aspire.FrameWork.POM_PageFactory_DDF_TestNG.TestClass_TestNG" tests="4" failures="0" timestamp="2022-11-29T16:52:36 IST" time="10.273" errors="0">
  <testcase name="LogoValidation" time="0.526" classname="com.aspire.FrameWork.POM_PageFactory_DDF_TestNG.TestClass_TestNG"/>
  <system-out/>
  <testcase name="TitalValidation" time="1.732" classname="com.aspire.FrameWork.POM_PageFactory_DDF_TestNG.TestClass_TestNG"/>
  <system-out/>
  <testcase name="CheckBoxValidation" time="0.106" classname="com.aspire.FrameWork.POM_PageFactory_DDF_TestNG.TestClass_TestNG"/>
  <system-out/>
  <testcase name="LogInValidation" time="7.909" classname="com.aspire.FrameWork.POM_PageFactory_DDF_TestNG.TestClass_TestNG"/>
  <system-out/>
</testsuite> <!-- com.aspire.FrameWork.POM_PageFactory_DDF_TestNG.TestClass_TestNG -->
